0 info it worked if it ends with ok
1 verbose cli [ 'node', '/usr/local/bin/npm', 'update' ]
2 info using npm@2.12.0
3 info using node@v0.12.5
4 silly mapToRegistry name del
5 silly mapToRegistry using default registry
6 silly mapToRegistry registry https://registry.npmjs.org/
7 silly mapToRegistry uri https://registry.npmjs.org/del
8 silly mapToRegistry name gulp
9 silly mapToRegistry using default registry
10 silly mapToRegistry registry https://registry.npmjs.org/
11 silly mapToRegistry uri https://registry.npmjs.org/gulp
12 silly mapToRegistry name gulp-autoprefixer
13 silly mapToRegistry using default registry
14 silly mapToRegistry registry https://registry.npmjs.org/
15 silly mapToRegistry uri https://registry.npmjs.org/gulp-autoprefixer
16 silly mapToRegistry name gulp-concat
17 silly mapToRegistry using default registry
18 silly mapToRegistry registry https://registry.npmjs.org/
19 silly mapToRegistry uri https://registry.npmjs.org/gulp-concat
20 silly mapToRegistry name gulp-connect
21 silly mapToRegistry using default registry
22 silly mapToRegistry registry https://registry.npmjs.org/
23 silly mapToRegistry uri https://registry.npmjs.org/gulp-connect
24 silly mapToRegistry name gulp-filesize
25 silly mapToRegistry using default registry
26 silly mapToRegistry registry https://registry.npmjs.org/
27 silly mapToRegistry uri https://registry.npmjs.org/gulp-filesize
28 silly mapToRegistry name gulp-filter
29 silly mapToRegistry using default registry
30 silly mapToRegistry registry https://registry.npmjs.org/
31 silly mapToRegistry uri https://registry.npmjs.org/gulp-filter
32 silly mapToRegistry name gulp-jade
33 silly mapToRegistry using default registry
34 silly mapToRegistry registry https://registry.npmjs.org/
35 silly mapToRegistry uri https://registry.npmjs.org/gulp-jade
36 silly mapToRegistry name gulp-jshint
37 silly mapToRegistry using default registry
38 silly mapToRegistry registry https://registry.npmjs.org/
39 silly mapToRegistry uri https://registry.npmjs.org/gulp-jshint
40 silly mapToRegistry name gulp-minify-css
41 silly mapToRegistry using default registry
42 silly mapToRegistry registry https://registry.npmjs.org/
43 silly mapToRegistry uri https://registry.npmjs.org/gulp-minify-css
44 silly mapToRegistry name gulp-minify-html
45 silly mapToRegistry using default registry
46 silly mapToRegistry registry https://registry.npmjs.org/
47 silly mapToRegistry uri https://registry.npmjs.org/gulp-minify-html
48 silly mapToRegistry name gulp-stylus
49 silly mapToRegistry using default registry
50 silly mapToRegistry registry https://registry.npmjs.org/
51 silly mapToRegistry uri https://registry.npmjs.org/gulp-stylus
52 silly mapToRegistry name gulp-uglify
53 silly mapToRegistry using default registry
54 silly mapToRegistry registry https://registry.npmjs.org/
55 silly mapToRegistry uri https://registry.npmjs.org/gulp-uglify
56 silly mapToRegistry name jasmine-core
57 silly mapToRegistry using default registry
58 silly mapToRegistry registry https://registry.npmjs.org/
59 silly mapToRegistry uri https://registry.npmjs.org/jasmine-core
60 silly mapToRegistry name jshint-stylish
61 silly mapToRegistry using default registry
62 silly mapToRegistry registry https://registry.npmjs.org/
63 silly mapToRegistry uri https://registry.npmjs.org/jshint-stylish
64 silly mapToRegistry name karma
65 silly mapToRegistry using default registry
66 silly mapToRegistry registry https://registry.npmjs.org/
67 silly mapToRegistry uri https://registry.npmjs.org/karma
68 silly mapToRegistry name karma-jasmine
69 silly mapToRegistry using default registry
70 silly mapToRegistry registry https://registry.npmjs.org/
71 silly mapToRegistry uri https://registry.npmjs.org/karma-jasmine
72 silly mapToRegistry name laravel-elixir
73 silly mapToRegistry using default registry
74 silly mapToRegistry registry https://registry.npmjs.org/
75 silly mapToRegistry uri https://registry.npmjs.org/laravel-elixir
76 silly mapToRegistry name nib
77 silly mapToRegistry using default registry
78 silly mapToRegistry registry https://registry.npmjs.org/
79 silly mapToRegistry uri https://registry.npmjs.org/nib
80 verbose request uri https://registry.npmjs.org/del
81 verbose request no auth needed
82 info attempt registry request try #1 at 10:50:18 PM
83 verbose request id 8a9486b7116ea8b5
84 http request GET https://registry.npmjs.org/del
85 verbose request uri https://registry.npmjs.org/gulp-autoprefixer
86 verbose request no auth needed
87 info attempt registry request try #1 at 10:50:18 PM
88 http request GET https://registry.npmjs.org/gulp-autoprefixer
89 verbose request uri https://registry.npmjs.org/gulp-concat
90 verbose request no auth needed
91 info attempt registry request try #1 at 10:50:18 PM
92 http request GET https://registry.npmjs.org/gulp-concat
93 verbose request uri https://registry.npmjs.org/gulp-connect
94 verbose request no auth needed
95 info attempt registry request try #1 at 10:50:18 PM
96 http request GET https://registry.npmjs.org/gulp-connect
97 verbose request uri https://registry.npmjs.org/gulp-filesize
98 verbose request no auth needed
99 info attempt registry request try #1 at 10:50:18 PM
100 http request GET https://registry.npmjs.org/gulp-filesize
101 verbose request uri https://registry.npmjs.org/gulp-filter
102 verbose request no auth needed
103 info attempt registry request try #1 at 10:50:18 PM
104 http request GET https://registry.npmjs.org/gulp-filter
105 verbose request uri https://registry.npmjs.org/gulp-jade
106 verbose request no auth needed
107 info attempt registry request try #1 at 10:50:18 PM
108 http request GET https://registry.npmjs.org/gulp-jade
109 verbose request uri https://registry.npmjs.org/gulp-jshint
110 verbose request no auth needed
111 info attempt registry request try #1 at 10:50:18 PM
112 http request GET https://registry.npmjs.org/gulp-jshint
113 verbose request uri https://registry.npmjs.org/gulp-minify-css
114 verbose request no auth needed
115 info attempt registry request try #1 at 10:50:18 PM
116 http request GET https://registry.npmjs.org/gulp-minify-css
117 verbose request uri https://registry.npmjs.org/gulp-minify-html
118 verbose request no auth needed
119 info attempt registry request try #1 at 10:50:18 PM
120 http request GET https://registry.npmjs.org/gulp-minify-html
121 verbose request uri https://registry.npmjs.org/gulp-stylus
122 verbose request no auth needed
123 info attempt registry request try #1 at 10:50:18 PM
124 http request GET https://registry.npmjs.org/gulp-stylus
125 verbose request uri https://registry.npmjs.org/gulp-uglify
126 verbose request no auth needed
127 info attempt registry request try #1 at 10:50:18 PM
128 http request GET https://registry.npmjs.org/gulp-uglify
129 verbose request uri https://registry.npmjs.org/jasmine-core
130 verbose request no auth needed
131 info attempt registry request try #1 at 10:50:18 PM
132 http request GET https://registry.npmjs.org/jasmine-core
133 verbose request uri https://registry.npmjs.org/jshint-stylish
134 verbose request no auth needed
135 info attempt registry request try #1 at 10:50:18 PM
136 http request GET https://registry.npmjs.org/jshint-stylish
137 verbose request uri https://registry.npmjs.org/karma
138 verbose request no auth needed
139 info attempt registry request try #1 at 10:50:18 PM
140 http request GET https://registry.npmjs.org/karma
141 verbose request uri https://registry.npmjs.org/karma-jasmine
142 verbose request no auth needed
143 info attempt registry request try #1 at 10:50:18 PM
144 http request GET https://registry.npmjs.org/karma-jasmine
145 verbose request uri https://registry.npmjs.org/nib
146 verbose request no auth needed
147 info attempt registry request try #1 at 10:50:18 PM
148 http request GET https://registry.npmjs.org/nib
149 verbose request uri https://registry.npmjs.org/gulp
150 verbose request no auth needed
151 info attempt registry request try #1 at 10:50:19 PM
152 verbose etag "90XN1S3R3BONQPU7TA7OT2XEW"
153 http request GET https://registry.npmjs.org/gulp
154 verbose request uri https://registry.npmjs.org/laravel-elixir
155 verbose request no auth needed
156 info attempt registry request try #1 at 10:50:19 PM
157 verbose etag "5U53F31JNZ5G3K8MI4QD2I78X"
158 http request GET https://registry.npmjs.org/laravel-elixir
159 http 200 https://registry.npmjs.org/nib
160 silly get cb [ 200,
160 silly get   { server: 'CouchDB/1.5.0 (Erlang OTP/R16B03)',
160 silly get     etag: '"CKDEDCNQB9PPQ2JJ9CQELXWAT"',
160 silly get     'content-type': 'application/json',
160 silly get     'cache-control': 'max-age=60',
160 silly get     'content-length': '26152',
160 silly get     'accept-ranges': 'bytes',
160 silly get     date: 'Sat, 27 Jun 2015 22:50:19 GMT',
160 silly get     via: '1.1 varnish',
160 silly get     age: '27',
160 silly get     connection: 'keep-alive',
160 silly get     'x-served-by': 'cache-lcy1135-LCY',
160 silly get     'x-cache': 'HIT',
160 silly get     'x-cache-hits': '1',
160 silly get     'x-timer': 'S1435445419.437107,VS0,VE0',
160 silly get     vary: 'Accept' } ]
161 verbose get saving nib to /home/vagrant/.npm/registry.npmjs.org/nib/.cache.json
162 http 200 https://registry.npmjs.org/gulp-concat
163 silly get cb [ 200,
163 silly get   { server: 'CouchDB/1.5.0 (Erlang OTP/R16B03)',
163 silly get     etag: '"8J9VARD6VMP585SVLU1RLMFCM"',
163 silly get     'content-type': 'application/json',
163 silly get     'cache-control': 'max-age=60',
163 silly get     'content-length': '36668',
163 silly get     'accept-ranges': 'bytes',
163 silly get     date: 'Sat, 27 Jun 2015 22:50:19 GMT',
163 silly get     via: '1.1 varnish',
163 silly get     age: '55',
163 silly get     connection: 'keep-alive',
163 silly get     'x-served-by': 'cache-lcy1128-LCY',
163 silly get     'x-cache': 'HIT',
163 silly get     'x-cache-hits': '1',
163 silly get     'x-timer': 'S1435445419.436965,VS0,VE0',
163 silly get     vary: 'Accept' } ]
164 verbose get saving gulp-concat to /home/vagrant/.npm/registry.npmjs.org/gulp-concat/.cache.json
165 http 200 https://registry.npmjs.org/gulp-minify-html
166 silly get cb [ 200,
166 silly get   { server: 'CouchDB/1.5.0 (Erlang OTP/R16B03)',
166 silly get     etag: '"IKC4YJBR64HBRAMZAL3JFN8T"',
166 silly get     'content-type': 'application/json',
166 silly get     'cache-control': 'max-age=60',
166 silly get     'content-length': '20273',
166 silly get     'accept-ranges': 'bytes',
166 silly get     date: 'Sat, 27 Jun 2015 22:50:19 GMT',
166 silly get     via: '1.1 varnish',
166 silly get     age: '0',
166 silly get     connection: 'keep-alive',
166 silly get     'x-served-by': 'cache-lcy1125-LCY',
166 silly get     'x-cache': 'HIT',
166 silly get     'x-cache-hits': '1',
166 silly get     'x-timer': 'S1435445419.423133,VS0,VE101',
166 silly get     vary: 'Accept' } ]
167 verbose get saving gulp-minify-html to /home/vagrant/.npm/registry.npmjs.org/gulp-minify-html/.cache.json
168 http 200 https://registry.npmjs.org/karma-jasmine
169 silly get cb [ 200,
169 silly get   { server: 'CouchDB/1.5.0 (Erlang OTP/R16B03)',
169 silly get     etag: '"JM4MIKRU55WG136NWMDTGY3X"',
169 silly get     'content-type': 'application/json',
169 silly get     'cache-control': 'max-age=60',
169 silly get     'content-length': '32036',
169 silly get     'accept-ranges': 'bytes',
169 silly get     date: 'Sat, 27 Jun 2015 22:50:19 GMT',
169 silly get     via: '1.1 varnish',
169 silly get     age: '0',
169 silly get     connection: 'keep-alive',
169 silly get     'x-served-by': 'cache-lcy1127-LCY',
169 silly get     'x-cache': 'HIT',
169 silly get     'x-cache-hits': '1',
169 silly get     'x-timer': 'S1435445419.440570,VS0,VE87',
169 silly get     vary: 'Accept' } ]
170 verbose get saving karma-jasmine to /home/vagrant/.npm/registry.npmjs.org/karma-jasmine/.cache.json
171 http 200 https://registry.npmjs.org/gulp-connect
172 silly get cb [ 200,
172 silly get   { server: 'CouchDB/1.5.0 (Erlang OTP/R16B03)',
172 silly get     etag: '"1VSA2TOHZWMTZRIDUJO7JTZU9"',
172 silly get     'content-type': 'application/json',
172 silly get     'cache-control': 'max-age=60',
172 silly get     'content-length': '45703',
172 silly get     'accept-ranges': 'bytes',
172 silly get     date: 'Sat, 27 Jun 2015 22:50:19 GMT',
172 silly get     via: '1.1 varnish',
172 silly get     age: '0',
172 silly get     connection: 'keep-alive',
172 silly get     'x-served-by': 'cache-lcy1134-LCY',
172 silly get     'x-cache': 'HIT',
172 silly get     'x-cache-hits': '1',
172 silly get     'x-timer': 'S1435445419.431652,VS0,VE94',
172 silly get     vary: 'Accept' } ]
173 verbose get saving gulp-connect to /home/vagrant/.npm/registry.npmjs.org/gulp-connect/.cache.json
174 http 304 https://registry.npmjs.org/gulp
175 silly get cb [ 304,
175 silly get   { date: 'Sat, 27 Jun 2015 22:50:19 GMT',
175 silly get     via: '1.1 varnish',
175 silly get     'cache-control': 'max-age=60',
175 silly get     etag: '"90XN1S3R3BONQPU7TA7OT2XEW"',
175 silly get     age: '0',
175 silly get     connection: 'keep-alive',
175 silly get     'x-served-by': 'cache-lcy1127-LCY',
175 silly get     'x-cache': 'HIT',
175 silly get     'x-cache-hits': '1',
175 silly get     'x-timer': 'S1435445419.437007,VS0,VE167',
175 silly get     vary: 'Accept' } ]
176 verbose etag https://registry.npmjs.org/gulp from cache
177 verbose get saving gulp to /home/vagrant/.npm/registry.npmjs.org/gulp/.cache.json
178 http 200 https://registry.npmjs.org/del
179 silly get cb [ 200,
179 silly get   { server: 'CouchDB/1.5.0 (Erlang OTP/R16B03)',
179 silly get     etag: '"CSIARVWEYVA42GONJKRJQ221K"',
179 silly get     'content-type': 'application/json',
179 silly get     'cache-control': 'max-age=60',
179 silly get     'content-length': '13956',
179 silly get     'accept-ranges': 'bytes',
179 silly get     date: 'Sat, 27 Jun 2015 22:50:19 GMT',
179 silly get     via: '1.1 varnish',
179 silly get     age: '0',
179 silly get     connection: 'keep-alive',
179 silly get     'x-served-by': 'cache-lcy1135-LCY',
179 silly get     'x-cache': 'HIT',
179 silly get     'x-cache-hits': '1',
179 silly get     'x-timer': 'S1435445419.437144,VS0,VE160',
179 silly get     vary: 'Accept' } ]
180 verbose get saving del to /home/vagrant/.npm/registry.npmjs.org/del/.cache.json
181 http 200 https://registry.npmjs.org/gulp-jshint
182 silly get cb [ 200,
182 silly get   { server: 'CouchDB/1.5.0 (Erlang OTP/R16B03)',
182 silly get     etag: '"17OA946466O53Q5BRZADPJBHK"',
182 silly get     'content-type': 'application/json',
182 silly get     'cache-control': 'max-age=60',
182 silly get     'content-length': '60416',
182 silly get     'accept-ranges': 'bytes',
182 silly get     date: 'Sat, 27 Jun 2015 22:50:19 GMT',
182 silly get     via: '1.1 varnish',
182 silly get     age: '0',
182 silly get     connection: 'keep-alive',
182 silly get     'x-served-by': 'cache-lcy1121-LCY',
182 silly get     'x-cache': 'HIT',
182 silly get     'x-cache-hits': '1',
182 silly get     'x-timer': 'S1435445419.422861,VS0,VE168',
182 silly get     vary: 'Accept' } ]
183 verbose get saving gulp-jshint to /home/vagrant/.npm/registry.npmjs.org/gulp-jshint/.cache.json
184 http 200 https://registry.npmjs.org/gulp-uglify
185 silly get cb [ 200,
185 silly get   { server: 'CouchDB/1.5.0 (Erlang OTP/R16B03)',
185 silly get     etag: '"A2MT11M1KDYFXBW7BEK0C3411"',
185 silly get     'content-type': 'application/json',
185 silly get     'cache-control': 'max-age=60',
185 silly get     'content-length': '26105',
185 silly get     'accept-ranges': 'bytes',
185 silly get     date: 'Sat, 27 Jun 2015 22:50:19 GMT',
185 silly get     via: '1.1 varnish',
185 silly get     age: '0',
185 silly get     connection: 'keep-alive',
185 silly get     'x-served-by': 'cache-lcy1133-LCY',
185 silly get     'x-cache': 'HIT',
185 silly get     'x-cache-hits': '1',
185 silly get     'x-timer': 'S1435445419.436894,VS0,VE175',
185 silly get     vary: 'Accept' } ]
186 verbose get saving gulp-uglify to /home/vagrant/.npm/registry.npmjs.org/gulp-uglify/.cache.json
187 http 200 https://registry.npmjs.org/gulp-jade
188 silly get cb [ 200,
188 silly get   { server: 'CouchDB/1.5.0 (Erlang OTP/R16B03)',
188 silly get     etag: '"AEBHBGPEKNIRVUIIW4F7BD447"',
188 silly get     'content-type': 'application/json',
188 silly get     'cache-control': 'max-age=60',
188 silly get     'content-length': '25945',
188 silly get     'accept-ranges': 'bytes',
188 silly get     date: 'Sat, 27 Jun 2015 22:50:19 GMT',
188 silly get     via: '1.1 varnish',
188 silly get     age: '0',
188 silly get     connection: 'keep-alive',
188 silly get     'x-served-by': 'cache-lcy1125-LCY',
188 silly get     'x-cache': 'HIT',
188 silly get     'x-cache-hits': '1',
188 silly get     'x-timer': 'S1435445419.427038,VS0,VE379',
188 silly get     vary: 'Accept' } ]
189 verbose get saving gulp-jade to /home/vagrant/.npm/registry.npmjs.org/gulp-jade/.cache.json
190 http 200 https://registry.npmjs.org/gulp-autoprefixer
191 silly get cb [ 200,
191 silly get   { server: 'CouchDB/1.5.0 (Erlang OTP/R16B03)',
191 silly get     etag: '"EOVA9OPQBFF6S2UG4CIKQJRDC"',
191 silly get     'content-type': 'application/json',
191 silly get     'cache-control': 'max-age=60',
191 silly get     'content-length': '24608',
191 silly get     'accept-ranges': 'bytes',
191 silly get     date: 'Sat, 27 Jun 2015 22:50:19 GMT',
191 silly get     via: '1.1 varnish',
191 silly get     age: '0',
191 silly get     connection: 'keep-alive',
191 silly get     'x-served-by': 'cache-lcy1120-LCY',
191 silly get     'x-cache': 'HIT',
191 silly get     'x-cache-hits': '1',
191 silly get     'x-timer': 'S1435445419.431675,VS0,VE378',
191 silly get     vary: 'Accept' } ]
192 verbose get saving gulp-autoprefixer to /home/vagrant/.npm/registry.npmjs.org/gulp-autoprefixer/.cache.json
193 http 200 https://registry.npmjs.org/gulp-minify-css
194 silly get cb [ 200,
194 silly get   { server: 'CouchDB/1.5.0 (Erlang OTP/R16B03)',
194 silly get     etag: '"8R812DME3BEW6CCHU2NOT6K5S"',
194 silly get     'content-type': 'application/json',
194 silly get     'cache-control': 'max-age=60',
194 silly get     'content-length': '58639',
194 silly get     'accept-ranges': 'bytes',
194 silly get     date: 'Sat, 27 Jun 2015 22:50:19 GMT',
194 silly get     via: '1.1 varnish',
194 silly get     age: '0',
194 silly get     connection: 'keep-alive',
194 silly get     'x-served-by': 'cache-lcy1123-LCY',
194 silly get     'x-cache': 'HIT',
194 silly get     'x-cache-hits': '1',
194 silly get     'x-timer': 'S1435445419.427053,VS0,VE353',
194 silly get     vary: 'Accept' } ]
195 verbose get saving gulp-minify-css to /home/vagrant/.npm/registry.npmjs.org/gulp-minify-css/.cache.json
196 http 200 https://registry.npmjs.org/jasmine-core
197 silly get cb [ 200,
197 silly get   { server: 'CouchDB/1.5.0 (Erlang OTP/R16B03)',
197 silly get     etag: '"1TZCO7A1HQY0JQEXPXM87UKUF"',
197 silly get     'content-type': 'application/json',
197 silly get     'cache-control': 'max-age=60',
197 silly get     'content-length': '19599',
197 silly get     'accept-ranges': 'bytes',
197 silly get     date: 'Sat, 27 Jun 2015 22:50:19 GMT',
197 silly get     via: '1.1 varnish',
197 silly get     age: '0',
197 silly get     connection: 'keep-alive',
197 silly get     'x-served-by': 'cache-lcy1123-LCY',
197 silly get     'x-cache': 'HIT',
197 silly get     'x-cache-hits': '1',
197 silly get     'x-timer': 'S1435445419.437180,VS0,VE402',
197 silly get     vary: 'Accept' } ]
198 verbose get saving jasmine-core to /home/vagrant/.npm/registry.npmjs.org/jasmine-core/.cache.json
199 http 200 https://registry.npmjs.org/karma
200 silly get cb [ 200,
200 silly get   { server: 'CouchDB/1.5.0 (Erlang OTP/R16B03)',
200 silly get     etag: '"E9QMD0FU1TVFXJRMM6XRSXUC0"',
200 silly get     'content-type': 'application/json',
200 silly get     'cache-control': 'max-age=60',
200 silly get     'content-length': '834062',
200 silly get     'accept-ranges': 'bytes',
200 silly get     date: 'Sat, 27 Jun 2015 22:50:19 GMT',
200 silly get     via: '1.1 varnish',
200 silly get     age: '0',
200 silly get     connection: 'keep-alive',
200 silly get     'x-served-by': 'cache-lcy1125-LCY',
200 silly get     'x-cache': 'HIT',
200 silly get     'x-cache-hits': '1',
200 silly get     'x-timer': 'S1435445419.440858,VS0,VE386',
200 silly get     vary: 'Accept' } ]
201 verbose get saving karma to /home/vagrant/.npm/registry.npmjs.org/karma/.cache.json
202 http 200 https://registry.npmjs.org/gulp-filesize
203 silly get cb [ 200,
203 silly get   { server: 'CouchDB/1.5.0 (Erlang OTP/R16B03)',
203 silly get     etag: '"AXU867Z8IPQQCZUF0IC7S12D"',
203 silly get     'content-type': 'application/json',
203 silly get     'cache-control': 'max-age=60',
203 silly get     'content-length': '6472',
203 silly get     'accept-ranges': 'bytes',
203 silly get     date: 'Sat, 27 Jun 2015 22:50:20 GMT',
203 silly get     via: '1.1 varnish',
203 silly get     age: '0',
203 silly get     connection: 'keep-alive',
203 silly get     'x-served-by': 'cache-lcy1122-LCY',
203 silly get     'x-cache': 'MISS',
203 silly get     'x-cache-hits': '0',
203 silly get     'x-timer': 'S1435445419.427066,VS0,VE613',
203 silly get     vary: 'Accept' } ]
204 verbose get saving gulp-filesize to /home/vagrant/.npm/registry.npmjs.org/gulp-filesize/.cache.json
205 http 304 https://registry.npmjs.org/laravel-elixir
206 silly get cb [ 304,
206 silly get   { date: 'Sat, 27 Jun 2015 22:50:19 GMT',
206 silly get     via: '1.1 varnish',
206 silly get     'cache-control': 'max-age=60',
206 silly get     etag: '"5U53F31JNZ5G3K8MI4QD2I78X"',
206 silly get     age: '0',
206 silly get     connection: 'keep-alive',
206 silly get     'x-served-by': 'cache-lcy1126-LCY',
206 silly get     'x-cache': 'HIT',
206 silly get     'x-cache-hits': '1',
206 silly get     'x-timer': 'S1435445419.445726,VS0,VE644',
206 silly get     vary: 'Accept' } ]
207 verbose etag https://registry.npmjs.org/laravel-elixir from cache
208 verbose get saving laravel-elixir to /home/vagrant/.npm/registry.npmjs.org/laravel-elixir/.cache.json
209 http 200 https://registry.npmjs.org/gulp-filter
210 silly get cb [ 200,
210 silly get   { server: 'CouchDB/1.5.0 (Erlang OTP/R16B03)',
210 silly get     etag: '"KXNHCVFJMKOMK76R1X7694E4"',
210 silly get     'content-type': 'application/json',
210 silly get     'cache-control': 'max-age=60',
210 silly get     'content-length': '23338',
210 silly get     'accept-ranges': 'bytes',
210 silly get     date: 'Sat, 27 Jun 2015 22:50:20 GMT',
210 silly get     via: '1.1 varnish',
210 silly get     age: '0',
210 silly get     connection: 'keep-alive',
210 silly get     'x-served-by': 'cache-lcy1121-LCY',
210 silly get     'x-cache': 'HIT',
210 silly get     'x-cache-hits': '1',
210 silly get     'x-timer': 'S1435445419.426940,VS0,VE663',
210 silly get     vary: 'Accept' } ]
211 verbose get saving gulp-filter to /home/vagrant/.npm/registry.npmjs.org/gulp-filter/.cache.json
212 http 200 https://registry.npmjs.org/gulp-stylus
213 silly get cb [ 200,
213 silly get   { server: 'CouchDB/1.5.0 (Erlang OTP/R16B03)',
213 silly get     etag: '"AJ0698RS3NC73ZIUMTQFZ1Y3U"',
213 silly get     'content-type': 'application/json',
213 silly get     'cache-control': 'max-age=60',
213 silly get     'content-length': '46585',
213 silly get     'accept-ranges': 'bytes',
213 silly get     date: 'Sat, 27 Jun 2015 22:50:20 GMT',
213 silly get     via: '1.1 varnish',
213 silly get     age: '0',
213 silly get     connection: 'keep-alive',
213 silly get     'x-served-by': 'cache-lcy1125-LCY',
213 silly get     'x-cache': 'MISS',
213 silly get     'x-cache-hits': '0',
213 silly get     'x-timer': 'S1435445419.423062,VS0,VE654',
213 silly get     vary: 'Accept' } ]
214 verbose get saving gulp-stylus to /home/vagrant/.npm/registry.npmjs.org/gulp-stylus/.cache.json
215 http 200 https://registry.npmjs.org/jshint-stylish
216 silly get cb [ 200,
216 silly get   { server: 'CouchDB/1.5.0 (Erlang OTP/R16B03)',
216 silly get     etag: '"DOS3TL2LDR5679N0845Z2FB6I"',
216 silly get     'content-type': 'application/json',
216 silly get     'cache-control': 'max-age=60',
216 silly get     'content-length': '18698',
216 silly get     'accept-ranges': 'bytes',
216 silly get     date: 'Sat, 27 Jun 2015 22:50:20 GMT',
216 silly get     via: '1.1 varnish',
216 silly get     age: '0',
216 silly get     connection: 'keep-alive',
216 silly get     'x-served-by': 'cache-lcy1124-LCY',
216 silly get     'x-cache': 'HIT',
216 silly get     'x-cache-hits': '1',
216 silly get     'x-timer': 'S1435445419.418828,VS0,VE690',
216 silly get     vary: 'Accept' } ]
217 verbose get saving jshint-stylish to /home/vagrant/.npm/registry.npmjs.org/jshint-stylish/.cache.json
218 info outdated updating [ [ '/home/vagrant/Code/online-cv',
218 info outdated     'laravel-elixir',
218 info outdated     undefined,
218 info outdated     '2.3.12',
218 info outdated     '2.3.12',
218 info outdated     '^2.0.0' ] ]
219 verbose install where, what [ '/home/vagrant/Code/online-cv', [ 'laravel-elixir@2.3.12' ] ]
220 verbose install initial load of /home/vagrant/Code/online-cv/package.json
221 verbose installManyTop reading scoped package data from /home/vagrant/Code/online-cv/node_modules/del/package.json
222 verbose installManyTop reading scoped package data from /home/vagrant/Code/online-cv/node_modules/gulp/package.json
223 verbose installManyTop reading scoped package data from /home/vagrant/Code/online-cv/node_modules/gulp-autoprefixer/package.json
224 verbose installManyTop reading scoped package data from /home/vagrant/Code/online-cv/node_modules/gulp-concat/package.json
225 verbose installManyTop reading scoped package data from /home/vagrant/Code/online-cv/node_modules/gulp-connect/package.json
226 verbose installManyTop reading scoped package data from /home/vagrant/Code/online-cv/node_modules/gulp-filesize/package.json
227 verbose installManyTop reading scoped package data from /home/vagrant/Code/online-cv/node_modules/gulp-filter/package.json
228 verbose installManyTop reading scoped package data from /home/vagrant/Code/online-cv/node_modules/gulp-jade/package.json
229 verbose installManyTop reading scoped package data from /home/vagrant/Code/online-cv/node_modules/gulp-jshint/package.json
230 verbose installManyTop reading scoped package data from /home/vagrant/Code/online-cv/node_modules/gulp-minify-css/package.json
231 verbose installManyTop reading scoped package data from /home/vagrant/Code/online-cv/node_modules/gulp-minify-html/package.json
232 verbose installManyTop reading scoped package data from /home/vagrant/Code/online-cv/node_modules/gulp-stylus/package.json
233 verbose installManyTop reading scoped package data from /home/vagrant/Code/online-cv/node_modules/gulp-uglify/package.json
234 verbose installManyTop reading scoped package data from /home/vagrant/Code/online-cv/node_modules/jasmine-core/package.json
235 verbose installManyTop reading scoped package data from /home/vagrant/Code/online-cv/node_modules/jshint-stylish/package.json
236 verbose installManyTop reading scoped package data from /home/vagrant/Code/online-cv/node_modules/karma/package.json
237 verbose installManyTop reading scoped package data from /home/vagrant/Code/online-cv/node_modules/karma-jasmine/package.json
238 verbose installManyTop reading scoped package data from /home/vagrant/Code/online-cv/node_modules/nib/package.json
239 verbose readDependencies loading dependencies from /home/vagrant/Code/online-cv/package.json
240 silly cache add args [ 'laravel-elixir@2.3.12', null ]
241 verbose cache add spec laravel-elixir@2.3.12
242 silly cache add parsed spec { raw: 'laravel-elixir@2.3.12',
242 silly cache add   scope: null,
242 silly cache add   name: 'laravel-elixir',
242 silly cache add   rawSpec: '2.3.12',
242 silly cache add   spec: '2.3.12',
242 silly cache add   type: 'version' }
243 silly addNamed laravel-elixir@2.3.12
244 verbose addNamed "2.3.12" is a plain semver version for laravel-elixir
245 silly mapToRegistry name laravel-elixir
246 silly mapToRegistry using default registry
247 silly mapToRegistry registry https://registry.npmjs.org/
248 silly mapToRegistry uri https://registry.npmjs.org/laravel-elixir
249 verbose addNameVersion registry:https://registry.npmjs.org/laravel-elixir not in flight; fetching
250 verbose get https://registry.npmjs.org/laravel-elixir not expired, no request
251 silly cache afterAdd laravel-elixir@2.3.12
252 verbose afterAdd /home/vagrant/.npm/laravel-elixir/2.3.12/package/package.json not in flight; writing
253 verbose afterAdd /home/vagrant/.npm/laravel-elixir/2.3.12/package/package.json written
254 silly install resolved [ { name: 'laravel-elixir',
254 silly install resolved     version: '2.3.12',
254 silly install resolved     description: 'Laravel Elixir Core',
254 silly install resolved     main: 'index.js',
254 silly install resolved     scripts: { test: 'echo "Error: no test specified" && exit 1' },
254 silly install resolved     repository:
254 silly install resolved      { type: 'git',
254 silly install resolved        url: 'git+https://github.com/laravel/elixir.git' },
254 silly install resolved     keywords: [ 'laravel', 'elixir', 'gulp' ],
254 silly install resolved     author: { name: 'Taylor Otwell, Jeffrey Way' },
254 silly install resolved     license: 'MIT',
254 silly install resolved     homepage: 'https://github.com/laravel/elixir',
254 silly install resolved     dependencies:
254 silly install resolved      { babelify: '^6.0.0',
254 silly install resolved        browserify: '^9.0.4',
254 silly install resolved        del: '^0.1.3',
254 silly install resolved        'gulp-autoprefixer': '^1.0.1',
254 silly install resolved        'gulp-babel': '^5.1.0',
254 silly install resolved        'gulp-coffee': '^2.2.0',
254 silly install resolved        'gulp-concat': '^2.4.1',
254 silly install resolved        'gulp-filter': '^1.0.2',
254 silly install resolved        'gulp-if': '^1.2.5',
254 silly install resolved        'gulp-less': '^3.0.2',
254 silly install resolved        'gulp-load-plugins': '^0.7.0',
254 silly install resolved        'gulp-minify-css': '^0.3.10',
254 silly install resolved        'gulp-notify': '^1.8.0',
254 silly install resolved        'gulp-phpspec': '^0.4.2',
254 silly install resolved        'gulp-phpunit': '^0.6.3',
254 silly install resolved        'gulp-rename': '^1.2.0',
254 silly install resolved        'gulp-rev': '^2.0.0',
254 silly install resolved        'gulp-ruby-sass': '^1.0.1',
254 silly install resolved        'gulp-sass': '^2.0.0',
254 silly install resolved        'gulp-shell': '^0.2.9',
254 silly install resolved        'gulp-sourcemaps': '^1.3.0',
254 silly install resolved        'gulp-uglify': '^1.0.1',
254 silly install resolved        'gulp-util': '^3.0.1',
254 silly install resolved        install: '^0.1.7',
254 silly install resolved        'merge-stream': '^0.1.7',
254 silly install resolved        npm: '^2.1.2',
254 silly install resolved        'parse-filepath': '^0.5.0',
254 silly install resolved        partialify: '^3.1.3',
254 silly install resolved        'require-dir': '^0.1.0',
254 silly install resolved        'run-sequence': '^1.0.1',
254 silly install resolved        underscore: '^1.7.0',
254 silly install resolved        'vinyl-buffer': '^1.0.0',
254 silly install resolved        'vinyl-paths': '^1.0.0',
254 silly install resolved        'vinyl-source-stream': '^1.1.0',
254 silly install resolved        watchify: '^3.2.2' },
254 silly install resolved     devDependencies: { gulp: '^3.8.8' },
254 silly install resolved     gitHead: 'c4be2fa6faf93eed41218892d007df5da13f528e',
254 silly install resolved     bugs: { url: 'https://github.com/laravel/elixir/issues' },
254 silly install resolved     _id: 'laravel-elixir@2.3.12',
254 silly install resolved     _shasum: 'e4f7e7287d8f4a16fdbd292fd42f918ddcf76dc3',
254 silly install resolved     _from: 'laravel-elixir@2.3.12',
254 silly install resolved     _npmVersion: '2.10.1',
254 silly install resolved     _nodeVersion: '0.12.4',
254 silly install resolved     _npmUser: { name: 'jeffreyway', email: 'jeffrey@laracasts.com' },
254 silly install resolved     maintainers: [ [Object] ],
254 silly install resolved     dist:
254 silly install resolved      { shasum: 'e4f7e7287d8f4a16fdbd292fd42f918ddcf76dc3',
254 silly install resolved        tarball: 'http://registry.npmjs.org/laravel-elixir/-/laravel-elixir-2.3.12.tgz' },
254 silly install resolved     directories: {},
254 silly install resolved     _resolved: 'https://registry.npmjs.org/laravel-elixir/-/laravel-elixir-2.3.12.tgz',
254 silly install resolved     readme: 'ERROR: No README data found!' } ]
255 info install laravel-elixir@2.3.12 into /home/vagrant/Code/online-cv
256 info installOne laravel-elixir@2.3.12
257 verbose installOne of laravel-elixir to /home/vagrant/Code/online-cv not in flight; installing
258 verbose stack Error: Attempt to unlock /home/vagrant/Code/online-cv/node_modules/laravel-elixir, which hasn't been locked
258 verbose stack     at unlock (/usr/local/lib/node_modules/npm/lib/utils/locker.js:64:11)
258 verbose stack     at cb (/usr/local/lib/node_modules/npm/lib/install.js:1017:5)
258 verbose stack     at /usr/local/lib/node_modules/npm/lib/install.js:1021:20
258 verbose stack     at /usr/local/lib/node_modules/npm/lib/utils/locker.js:25:20
258 verbose stack     at zalgoSafe (/usr/local/lib/node_modules/npm/node_modules/dezalgo/dezalgo.js:20:10)
258 verbose stack     at /usr/local/lib/node_modules/npm/lib/utils/correct-mkdir.js:108:12
258 verbose stack     at FSReqWrap.oncomplete (fs.js:95:15)
259 verbose cwd /home/vagrant/Code/online-cv
260 error Linux 3.16.0-23-generic
261 error argv "node" "/usr/local/bin/npm" "update"
262 error node v0.12.5
263 error npm  v2.12.0
264 error Attempt to unlock /home/vagrant/Code/online-cv/node_modules/laravel-elixir, which hasn't been locked
265 error If you need help, you may report this error at:
265 error     <https://github.com/npm/npm/issues>
266 verbose exit [ 1, true ]
